<?xml version="1.0" encoding="UTF-8"?>
<coverage generated="1594041339039" clover="3.2.0">
  <project timestamp="1594041339039" name="All files">
    <metrics statements="20" coveredstatements="16" conditionals="6" coveredconditionals="2" methods="6" coveredmethods="4" elements="32" coveredelements="22" complexity="0" loc="20" ncloc="20" packages="1" files="2" classes="2"/>
    <file name="index.ts" path="/home/sepp/Documents/Dev/Projects/Resap/src/index.ts">
      <metrics statements="1" coveredstatements="1" conditionals="0" coveredconditionals="0" methods="1" coveredmethods="1"/>
      <line num="1" count="7" type="stmt"/>
    </file>
    <file name="useToggle.ts" path="/home/sepp/Documents/Dev/Projects/Resap/src/useToggle.ts">
      <metrics statements="19" coveredstatements="15" conditionals="6" coveredconditionals="2" methods="5" coveredmethods="3"/>
      <line num="1" count="1" type="stmt"/>
      <line num="2" count="1" type="stmt"/>
      <line num="13" count="1" type="stmt"/>
      <line num="17" count="6" type="stmt"/>
      <line num="18" count="6" type="stmt"/>
      <line num="19" count="6" type="stmt"/>
      <line num="23" count="6" type="stmt"/>
      <line num="24" count="6" type="stmt"/>
      <line num="25" count="6" type="cond" truecount="1" falsecount="1"/>
      <line num="26" count="0" type="stmt"/>
      <line num="27" count="0" type="stmt"/>
      <line num="30" count="6" type="stmt"/>
      <line num="34" count="6" type="stmt"/>
      <line num="35" count="0" type="cond" truecount="0" falsecount="2"/>
      <line num="38" count="6" type="stmt"/>
      <line num="39" count="3" type="cond" truecount="1" falsecount="1"/>
      <line num="40" count="0" type="stmt"/>
      <line num="42" count="3" type="stmt"/>
      <line num="45" count="6" type="stmt"/>
    </file>
  </project>
</coverage>
