{"/home/sepp/Documents/Dev/Projects/Resap/src/index.ts": {"path":"/home/sepp/Documents/Dev/Projects/Resap/src/index.ts","statementMap":{"0":{"start":{"line":1,"column":0},"end":{"line":1,"column":9}},"1":{"start":{"line":1,"column":9},"end":{"line":1,"column":45}}},"fnMap":{"0":{"name":"(anonymous_0)","decl":{"start":{"line":1,"column":9},"end":{"line":1,"column":18}},"loc":{"start":{"line":1,"column":9},"end":{"line":1,"column":45}}}},"branchMap":{},"s":{"0":1,"1":7},"f":{"0":6},"b":{}}
,"/home/sepp/Documents/Dev/Projects/Resap/src/hooks/useToggle.ts": {"path":"/home/sepp/Documents/Dev/Projects/Resap/src/hooks/useToggle.ts","statementMap":{"0":{"start":{"line":1,"column":0},"end":{"line":1,"column":25}},"1":{"start":{"line":2,"column":0},"end":{"line":2,"column":23}},"2":{"start":{"line":13,"column":13},"end":{"line":46,"column":null}},"3":{"start":{"line":17,"column":24},"end":{"line":17,"column":62}},"4":{"start":{"line":17,"column":12},"end":{"line":17,"column":14}},"5":{"start":{"line":17,"column":20},"end":{"line":17,"column":24}},"6":{"start":{"line":18,"column":30},"end":{"line":18,"column":47}},"7":{"start":{"line":18,"column":15},"end":{"line":18,"column":17}},"8":{"start":{"line":18,"column":26},"end":{"line":18,"column":30}},"9":{"start":{"line":19,"column":26},"end":{"line":21,"column":null}},"10":{"start":{"line":23,"column":2},"end":{"line":32,"column":null}},"11":{"start":{"line":24,"column":4},"end":{"line":24,"column":null}},"12":{"start":{"line":25,"column":4},"end":{"line":31,"column":null}},"13":{"start":{"line":26,"column":6},"end":{"line":28,"column":null}},"14":{"start":{"line":27,"column":8},"end":{"line":27,"column":null}},"15":{"start":{"line":30,"column":6},"end":{"line":30,"column":null}},"16":{"start":{"line":34,"column":40},"end":{"line":36,"column":17}},"17":{"start":{"line":35,"column":4},"end":{"line":35,"column":null}},"18":{"start":{"line":38,"column":2},"end":{"line":43,"column":null}},"19":{"start":{"line":39,"column":4},"end":{"line":41,"column":null}},"20":{"start":{"line":40,"column":6},"end":{"line":40,"column":null}},"21":{"start":{"line":42,"column":4},"end":{"line":42,"column":null}},"22":{"start":{"line":45,"column":2},"end":{"line":45,"column":null}}},"fnMap":{"0":{"name":"(anonymous_1)","decl":{"start":{"line":13,"column":46},"end":{"line":13,"column":null}},"loc":{"start":{"line":15,"column":36},"end":{"line":46,"column":1}}},"1":{"name":"(anonymous_2)","decl":{"start":{"line":23,"column":24},"end":{"line":23,"column":null}},"loc":{"start":{"line":23,"column":24},"end":{"line":32,"column":3}}},"2":{"name":"(anonymous_3)","decl":{"start":{"line":26,"column":22},"end":{"line":26,"column":23}},"loc":{"start":{"line":26,"column":41},"end":{"line":28,"column":7}}},"3":{"name":"(anonymous_4)","decl":{"start":{"line":34,"column":58},"end":{"line":34,"column":null}},"loc":{"start":{"line":34,"column":58},"end":{"line":36,"column":3}}},"4":{"name":"(anonymous_5)","decl":{"start":{"line":38,"column":18},"end":{"line":38,"column":null}},"loc":{"start":{"line":38,"column":18},"end":{"line":43,"column":3}}}},"branchMap":{"0":{"loc":{"start":{"line":25,"column":4},"end":{"line":31,"column":null}},"type":"if","locations":[{"start":{"line":25,"column":4},"end":{"line":31,"column":null}},{"start":{"line":25,"column":4},"end":{"line":31,"column":null}}]},"1":{"loc":{"start":{"line":35,"column":12},"end":{"line":35,"column":24}},"type":"cond-expr","locations":[{"start":{"line":35,"column":12},"end":{"line":35,"column":24}},{"start":{"line":35,"column":27},"end":{"line":35,"column":36}}]},"2":{"loc":{"start":{"line":39,"column":4},"end":{"line":41,"column":null}},"type":"if","locations":[{"start":{"line":39,"column":4},"end":{"line":41,"column":null}},{"start":{"line":39,"column":4},"end":{"line":41,"column":null}}]}},"s":{"0":1,"1":1,"2":1,"3":6,"4":6,"5":6,"6":6,"7":6,"8":6,"9":6,"10":6,"11":6,"12":6,"13":0,"14":0,"15":6,"16":6,"17":0,"18":6,"19":3,"20":0,"21":3,"22":6},"f":{"0":6,"1":6,"2":0,"3":0,"4":3},"b":{"0":[0,6],"1":[0,0],"2":[0,3]}}
}
