TN:
SF:src/index.ts
FN:5,(anonymous_6)
FN:6,(anonymous_7)
FNF:2
FNH:2
FNDA:6,(anonymous_6)
FNDA:2,(anonymous_7)
DA:1,2
DA:3,2
DA:5,8
DA:6,4
LF:4
LH:4
BRF:0
BRH:0
end_of_record
TN:
SF:src/hooks/useGSAP.ts
FN:5,(anonymous_1)
FNF:1
FNH:1
FNDA:2,(anonymous_1)
DA:1,2
DA:5,2
DA:6,2
LF:3
LH:3
BRF:0
BRH:0
end_of_record
TN:
SF:src/hooks/useToggle.ts
FN:13,(anonymous_1)
FN:23,(anonymous_2)
FN:26,(anonymous_3)
FN:34,(anonymous_4)
FN:38,(anonymous_5)
FNF:5
FNH:3
FNDA:6,(anonymous_1)
FNDA:6,(anonymous_2)
FNDA:0,(anonymous_3)
FNDA:0,(anonymous_4)
FNDA:3,(anonymous_5)
DA:1,2
DA:2,2
DA:13,2
DA:17,6
DA:18,6
DA:19,6
DA:23,6
DA:24,6
DA:25,6
DA:26,0
DA:27,0
DA:30,6
DA:34,6
DA:35,0
DA:38,6
DA:39,3
DA:40,0
DA:42,3
DA:45,6
LF:19
LH:15
BRDA:25,0,0,0
BRDA:25,0,1,6
BRDA:35,1,0,0
BRDA:35,1,1,0
BRDA:39,2,0,0
BRDA:39,2,1,3
BRF:6
BRH:2
end_of_record
